<?xml version="1.0" encoding="UTF-8"?>
<testsuite xmlns:xsi="http://www.w3.org/2001/XMLSchema-instance" xsi:noNamespaceSchemaLocation="https://maven.apache.org/surefire/maven-surefire-plugin/xsd/surefire-test-report-3.0.xsd" version="3.0" name="com.demo.UserTest" time="12.787" tests="3" errors="0" skipped="0" failures="0">
  <properties>
[...]
</properties>
  <testcase name="test_findByRole_Admin" classname="com.demo.UserTest" time="2.94">
    <system-out><![CDATA[Hibernate: drop table if exists users cascade 
Hibernate: create table users (id bigint generated by default as identity, name varchar(50) not null, surname varchar(50) not null, username varchar(50) not null unique, email varchar(100) not null, password varchar(100) not null, role varchar(255) not null check (role in ('ADMIN','USER','MODERATOR')), primary key (id))
Hibernate: insert into users (email,name,password,role,surname,username,id) values (?,?,?,?,?,?,default)
Hibernate: select u1_0.id,u1_0.email,u1_0.name,u1_0.password,u1_0.role,u1_0.surname,u1_0.username from users u1_0 where u1_0.role=?
]]></system-out>
  </testcase>
  <testcase name="test_delete_user" classname="com.demo.UserTest" time="0.062">
    <system-out><![CDATA[Hibernate: insert into users (email,name,password,role,surname,username,id) values (?,?,?,?,?,?,default)
]]></system-out>
  </testcase>
  <testcase name="test_create_user" classname="com.demo.UserTest" time="0.047">
    <system-out><![CDATA[Hibernate: insert into users (email,name,password,role,surname,username,id) values (?,?,?,?,?,?,default)
Hibernate: select u1_0.id,u1_0.email,u1_0.name,u1_0.password,u1_0.role,u1_0.surname,u1_0.username from users u1_0 where u1_0.username=?
]]></system-out>
  </testcase>
</testsuite>